<?xml version="1.0" encoding="UTF-8"?>
<!-- Generated by org.testng.reporters.JUnitReportReporter -->
<testsuite hostname="LAPTOP-EHBTF6ER" failures="0" tests="2" name="tests.DemoPageTests" time="59.547" errors="0" timestamp="2025-01-25T12:38:39 EST" skipped="0">
  <testcase classname="tests.DemoPageTests" name="demoPageSmoke" time="31.757"/>
  <system-out/>
  <testcase classname="tests.DemoPageTests" name="demoPageSmoke2" time="27.790"/>
  <system-out/>
</testsuite> <!-- tests.DemoPageTests -->
